<?xml version="1.0" encoding="UTF-8"?>
<coverage generated="1622684861114" clover="3.2.0">
  <project timestamp="1622684861114" name="All files">
    <metrics statements="22" coveredstatements="22" conditionals="8" coveredconditionals="8" methods="13" coveredmethods="13" elements="43" coveredelements="43" complexity="0" loc="22" ncloc="22" packages="1" files="5" classes="5"/>
    <file name="KeybordComponent.vue" path="/Users/chenyou/Desktop/webpack/vue-unit-test-jest/src/components/KeybordComponent.vue">
      <metrics statements="16" coveredstatements="16" conditionals="8" coveredconditionals="8" methods="6" coveredmethods="6"/>
      <line num="6" count="1" type="stmt"/>
      <line num="7" count="1" type="stmt"/>
      <line num="8" count="1" type="stmt"/>
      <line num="12" count="5" type="stmt"/>
      <line num="19" count="1" type="stmt"/>
      <line num="22" count="1" type="stmt"/>
      <line num="25" count="1" type="stmt"/>
      <line num="28" count="4" type="cond" truecount="2" falsecount="0"/>
      <line num="29" count="1" type="stmt"/>
      <line num="31" count="4" type="cond" truecount="2" falsecount="0"/>
      <line num="32" count="1" type="stmt"/>
      <line num="34" count="4" type="cond" truecount="2" falsecount="0"/>
      <line num="35" count="1" type="stmt"/>
      <line num="37" count="4" type="cond" truecount="2" falsecount="0"/>
      <line num="38" count="1" type="stmt"/>
      <line num="45" count="3" type="stmt"/>
    </file>
    <file name="Test.vue" path="/Users/chenyou/Desktop/webpack/vue-unit-test-jest/src/components/Test.vue">
      <metrics statements="1" coveredstatements="1" conditionals="0" coveredconditionals="0" methods="2" coveredmethods="2"/>
      <line num="16" count="7" type="stmt"/>
    </file>
    <file name="VueTest.vue" path="/Users/chenyou/Desktop/webpack/vue-unit-test-jest/src/components/VueTest.vue">
      <metrics statements="2" coveredstatements="2" conditionals="0" coveredconditionals="0" methods="2" coveredmethods="2"/>
      <line num="21" count="6" type="stmt"/>
      <line num="29" count="6" type="stmt"/>
    </file>
    <file name="Wrapper.vue" path="/Users/chenyou/Desktop/webpack/vue-unit-test-jest/src/components/Wrapper.vue">
      <metrics statements="1" coveredstatements="1" conditionals="0" coveredconditionals="0" methods="1" coveredmethods="1"/>
      <line num="20" count="4" type="stmt"/>
    </file>
    <file name="YesNoComponent.vue" path="/Users/chenyou/Desktop/webpack/vue-unit-test-jest/src/components/YesNoComponent.vue">
      <metrics statements="2" coveredstatements="2" conditionals="0" coveredconditionals="0" methods="2" coveredmethods="2"/>
      <line num="20" count="1" type="stmt"/>
      <line num="23" count="1" type="stmt"/>
    </file>
  </project>
</coverage>
