{"/Users/chenyou/Desktop/webpack/vue-unit-test-jest/src/components/KeybordComponent.vue": {"path":"/Users/chenyou/Desktop/webpack/vue-unit-test-jest/src/components/KeybordComponent.vue","statementMap":{"0":{"start":{"line":6,"column":0},"end":{"line":6,"column":null}},"1":{"start":{"line":7,"column":0},"end":{"line":7,"column":null}},"2":{"start":{"line":8,"column":0},"end":{"line":8,"column":null}},"3":{"start":{"line":12,"column":0},"end":{"line":12,"column":null}},"4":{"start":{"line":19,"column":0},"end":{"line":19,"column":null}},"5":{"start":{"line":22,"column":0},"end":{"line":22,"column":null}},"6":{"start":{"line":25,"column":0},"end":{"line":25,"column":null}},"7":{"start":{"line":28,"column":0},"end":{"line":30,"column":null}},"8":{"start":{"line":29,"column":0},"end":{"line":29,"column":null}},"9":{"start":{"line":31,"column":0},"end":{"line":33,"column":null}},"10":{"start":{"line":32,"column":0},"end":{"line":32,"column":null}},"11":{"start":{"line":34,"column":0},"end":{"line":36,"column":null}},"12":{"start":{"line":35,"column":0},"end":{"line":35,"column":null}},"13":{"start":{"line":37,"column":0},"end":{"line":39,"column":null}},"14":{"start":{"line":38,"column":0},"end":{"line":38,"column":null}},"15":{"start":{"line":45,"column":0},"end":{"line":45,"column":null}}},"fnMap":{"0":{"name":"(anonymous_1)","decl":{"start":{"line":11,"column":0},"end":{"line":11,"column":null}},"loc":{"start":{"line":11,"column":0},"end":{"line":15,"column":null}}},"1":{"name":"(anonymous_2)","decl":{"start":{"line":18,"column":0},"end":{"line":18,"column":null}},"loc":{"start":{"line":18,"column":0},"end":{"line":20,"column":null}}},"2":{"name":"(anonymous_3)","decl":{"start":{"line":21,"column":0},"end":{"line":21,"column":null}},"loc":{"start":{"line":21,"column":0},"end":{"line":23,"column":null}}},"3":{"name":"(anonymous_4)","decl":{"start":{"line":24,"column":0},"end":{"line":24,"column":null}},"loc":{"start":{"line":24,"column":0},"end":{"line":26,"column":null}}},"4":{"name":"(anonymous_5)","decl":{"start":{"line":27,"column":0},"end":{"line":27,"column":null}},"loc":{"start":{"line":27,"column":0},"end":{"line":40,"column":null}}},"5":{"name":"(anonymous_6)","decl":{"start":{"line":44,"column":0},"end":{"line":44,"column":null}},"loc":{"start":{"line":44,"column":0},"end":{"line":46,"column":null}}}},"branchMap":{"0":{"loc":{"start":{"line":28,"column":0},"end":{"line":30,"column":null}},"type":"if","locations":[{"start":{"line":28,"column":0},"end":{"line":30,"column":null}},{"start":{"line":28,"column":0},"end":{"line":30,"column":null}}]},"1":{"loc":{"start":{"line":31,"column":0},"end":{"line":33,"column":null}},"type":"if","locations":[{"start":{"line":31,"column":0},"end":{"line":33,"column":null}},{"start":{"line":31,"column":0},"end":{"line":33,"column":null}}]},"2":{"loc":{"start":{"line":34,"column":0},"end":{"line":36,"column":null}},"type":"if","locations":[{"start":{"line":34,"column":0},"end":{"line":36,"column":null}},{"start":{"line":34,"column":0},"end":{"line":36,"column":null}}]},"3":{"loc":{"start":{"line":37,"column":0},"end":{"line":39,"column":null}},"type":"if","locations":[{"start":{"line":37,"column":0},"end":{"line":39,"column":null}},{"start":{"line":37,"column":0},"end":{"line":39,"column":null}}]}},"s":{"0":1,"1":1,"2":1,"3":5,"4":1,"5":1,"6":1,"7":4,"8":1,"9":4,"10":1,"11":4,"12":1,"13":4,"14":1,"15":3},"f":{"0":5,"1":1,"2":1,"3":1,"4":4,"5":3},"b":{"0":[1,3],"1":[1,3],"2":[1,3],"3":[1,3]}}
,"/Users/chenyou/Desktop/webpack/vue-unit-test-jest/src/components/Test.vue": {"path":"/Users/chenyou/Desktop/webpack/vue-unit-test-jest/src/components/Test.vue","statementMap":{"0":{"start":{"line":16,"column":0},"end":{"line":16,"column":null}}},"fnMap":{"0":{"name":"(anonymous_1)","decl":{"start":{"line":15,"column":0},"end":{"line":15,"column":null}},"loc":{"start":{"line":15,"column":0},"end":{"line":19,"column":null}}},"1":{"name":"(anonymous_2)","decl":{"start":{"line":24,"column":0},"end":{"line":24,"column":null}},"loc":{"start":{"line":24,"column":0},"end":{"line":26,"column":null}}}},"branchMap":{},"s":{"0":7},"f":{"0":7,"1":1},"b":{}}
,"/Users/chenyou/Desktop/webpack/vue-unit-test-jest/src/components/VueTest.vue": {"path":"/Users/chenyou/Desktop/webpack/vue-unit-test-jest/src/components/VueTest.vue","statementMap":{"0":{"start":{"line":21,"column":0},"end":{"line":21,"column":null}},"1":{"start":{"line":29,"column":0},"end":{"line":29,"column":null}}},"fnMap":{"0":{"name":"(anonymous_1)","decl":{"start":{"line":20,"column":0},"end":{"line":20,"column":null}},"loc":{"start":{"line":20,"column":0},"end":{"line":25,"column":null}}},"1":{"name":"(anonymous_2)","decl":{"start":{"line":28,"column":0},"end":{"line":28,"column":null}},"loc":{"start":{"line":28,"column":0},"end":{"line":30,"column":null}}}},"branchMap":{},"s":{"0":6,"1":6},"f":{"0":6,"1":6},"b":{}}
,"/Users/chenyou/Desktop/webpack/vue-unit-test-jest/src/components/Wrapper.vue": {"path":"/Users/chenyou/Desktop/webpack/vue-unit-test-jest/src/components/Wrapper.vue","statementMap":{"0":{"start":{"line":20,"column":0},"end":{"line":20,"column":null}}},"fnMap":{"0":{"name":"(anonymous_1)","decl":{"start":{"line":19,"column":0},"end":{"line":19,"column":null}},"loc":{"start":{"line":19,"column":0},"end":{"line":25,"column":null}}}},"branchMap":{},"s":{"0":4},"f":{"0":4},"b":{}}
,"/Users/chenyou/Desktop/webpack/vue-unit-test-jest/src/components/YesNoComponent.vue": {"path":"/Users/chenyou/Desktop/webpack/vue-unit-test-jest/src/components/YesNoComponent.vue","statementMap":{"0":{"start":{"line":20,"column":0},"end":{"line":20,"column":null}},"1":{"start":{"line":23,"column":0},"end":{"line":23,"column":null}}},"fnMap":{"0":{"name":"(anonymous_1)","decl":{"start":{"line":19,"column":0},"end":{"line":19,"column":null}},"loc":{"start":{"line":19,"column":0},"end":{"line":21,"column":null}}},"1":{"name":"(anonymous_2)","decl":{"start":{"line":22,"column":0},"end":{"line":22,"column":null}},"loc":{"start":{"line":22,"column":0},"end":{"line":24,"column":null}}}},"branchMap":{},"s":{"0":1,"1":1},"f":{"0":1,"1":1},"b":{}}
}
