TN:
SF:/Users/chenyou/Desktop/webpack/vue-unit-test-jest/src/components/KeybordComponent.vue
FN:11,(anonymous_1)
FN:18,(anonymous_2)
FN:21,(anonymous_3)
FN:24,(anonymous_4)
FN:27,(anonymous_5)
FN:44,(anonymous_6)
FNF:6
FNH:6
FNDA:5,(anonymous_1)
FNDA:1,(anonymous_2)
FNDA:1,(anonymous_3)
FNDA:1,(anonymous_4)
FNDA:4,(anonymous_5)
FNDA:3,(anonymous_6)
DA:6,1
DA:7,1
DA:8,1
DA:12,5
DA:19,1
DA:22,1
DA:25,1
DA:28,4
DA:29,1
DA:31,4
DA:32,1
DA:34,4
DA:35,1
DA:37,4
DA:38,1
DA:45,3
LF:16
LH:16
BRDA:28,0,0,1
BRDA:28,0,1,3
BRDA:31,1,0,1
BRDA:31,1,1,3
BRDA:34,2,0,1
BRDA:34,2,1,3
BRDA:37,3,0,1
BRDA:37,3,1,3
BRF:8
BRH:8
end_of_record
TN:
SF:/Users/chenyou/Desktop/webpack/vue-unit-test-jest/src/components/Test.vue
FN:15,(anonymous_1)
FN:24,(anonymous_2)
FNF:2
FNH:2
FNDA:7,(anonymous_1)
FNDA:1,(anonymous_2)
DA:16,7
LF:1
LH:1
BRF:0
BRH:0
end_of_record
TN:
SF:/Users/chenyou/Desktop/webpack/vue-unit-test-jest/src/components/VueTest.vue
FN:20,(anonymous_1)
FN:28,(anonymous_2)
FNF:2
FNH:2
FNDA:6,(anonymous_1)
FNDA:6,(anonymous_2)
DA:21,6
DA:29,6
LF:2
LH:2
BRF:0
BRH:0
end_of_record
TN:
SF:/Users/chenyou/Desktop/webpack/vue-unit-test-jest/src/components/Wrapper.vue
FN:19,(anonymous_1)
FNF:1
FNH:1
FNDA:4,(anonymous_1)
DA:20,4
LF:1
LH:1
BRF:0
BRH:0
end_of_record
TN:
SF:/Users/chenyou/Desktop/webpack/vue-unit-test-jest/src/components/YesNoComponent.vue
FN:19,(anonymous_1)
FN:22,(anonymous_2)
FNF:2
FNH:2
FNDA:1,(anonymous_1)
FNDA:1,(anonymous_2)
DA:20,1
DA:23,1
LF:2
LH:2
BRF:0
BRH:0
end_of_record
